c:\users\user\documents\visual studio 2013\projects\locin2go\locin2go\debug\vc120.pdb
c:\users\user\documents\visual studio 2013\projects\locin2go\locin2go\debug\vc120.idb
c:\users\user\documents\visual studio 2013\projects\locin2go\locin2go\debug\nonlinearnonquadratic4x3sistemsolver.obj
c:\users\user\documents\visual studio 2013\projects\locin2go\locin2go\debug\graphicelementspreparation.obj
c:\users\user\documents\visual studio 2013\projects\locin2go\locin2go\debug\gpssensorydata.obj
c:\users\user\documents\visual studio 2013\projects\locin2go\locin2go\debug\locin2go.obj
c:\users\user\documents\visual studio 2013\projects\locin2go\locin2go\debug\loc2go.obj
c:\users\user\documents\visual studio 2013\projects\locin2go\locin2go\debug\calculateabsoluteposition.obj
c:\users\user\documents\visual studio 2013\projects\locin2go\locin2go\debug\calculaterelativeposition.obj
c:\users\user\documents\visual studio 2013\projects\locin2go\locin2go\debug\dw1000sensorydata.obj
c:\users\user\documents\visual studio 2013\projects\locin2go\locin2go\debug\imusensorydata.obj
c:\users\user\documents\visual studio 2013\projects\locin2go\locin2go\debug\stdafx.obj
c:\users\user\documents\visual studio 2013\projects\locin2go\locin2go\debug\sphericalcoordinate.obj
c:\users\user\documents\visual studio 2013\projects\locin2go\locin2go\debug\euclidiancoordinate.obj
c:\users\user\documents\visual studio 2013\projects\locin2go\locin2go\debug\geometricalutils.obj
c:\users\user\documents\visual studio 2013\projects\locin2go\locin2go\debug\gpscoordinate.obj
c:\users\user\documents\visual studio 2013\projects\locin2go\locin2go\debug\mathutils.obj
c:\users\user\documents\visual studio 2013\projects\locin2go\locin2go\debug\locin2go.tlog\cl.command.1.tlog
c:\users\user\documents\visual studio 2013\projects\locin2go\locin2go\debug\locin2go.tlog\cl.read.1.tlog
c:\users\user\documents\visual studio 2013\projects\locin2go\locin2go\debug\locin2go.tlog\cl.write.1.tlog
